<?xml version="1.0" encoding="UTF-8"?>
<!-- Generated by org.testng.reporters.JUnitReportReporter -->
<testsuite hostname="DESKTOP-C95R944" failures="0" tests="3" name="TestRunner.CucumberTestRunner" time="93.061" errors="0" timestamp="2024-06-25T23:10:16 BST" skipped="0">
  <testcase classname="TestRunner.CucumberTestRunner" name="runScenario" time="30.256"/>
  <testcase classname="TestRunner.CucumberTestRunner" name="runScenario" time="29.156"/>
  <testcase classname="TestRunner.CucumberTestRunner" name="runScenario" time="33.649"/>
</testsuite> <!-- TestRunner.CucumberTestRunner -->
